Using pre-set license
Built from '2020.3/staging' branch; Version is '2020.3.37f1 (8c66806a0c04) revision 9201280'; Using compiler version '192528614'; Build Type 'Release'
OS: 'Windows 10  (10.0.19044) 64bit Core' Language: 'en' Physical Memory: 16215 MB
BatchMode: 1, IsHumanControllingUs: 0, StartBugReporterOnCrash: 0, Is64bit: 1, IsPro: 0

COMMAND LINE ARGUMENTS:
C:\Users\Antonio O. Berrios\Documents\Unity Versions Holder\2020.3.37f1\Editor\Unity.exe
-adb2
-batchMode
-noUpm
-name
AssetImportWorker0
-projectPath
C:/Users/Antonio O. Berrios/Documents/GitHub/gjParranda/GJParranda
-logFile
Logs/AssetImportWorker0.log
-srvPort
64618
Successfully changed project path to: C:/Users/Antonio O. Berrios/Documents/GitHub/gjParranda/GJParranda
C:/Users/Antonio O. Berrios/Documents/GitHub/gjParranda/GJParranda
Using Asset Import Pipeline V2.
Refreshing native plugins compatible for Editor in 54.65 ms, found 2 plugins.
Preloading 0 native plugins for Editor in 0.00 ms.
Initialize engine version: 2020.3.37f1 (8c66806a0c04)
[Subsystems] Discovering subsystems at path C:/Users/Antonio O. Berrios/Documents/Unity Versions Holder/2020.3.37f1/Editor/Data/Resources/UnitySubsystems
[Subsystems] Discovering subsystems at path C:/Users/Antonio O. Berrios/Documents/GitHub/gjParranda/GJParranda/Assets
GfxDevice: creating device client; threaded=0
Direct3D:
    Version:  Direct3D 11.0 [level 11.1]
    Renderer: NVIDIA GeForce RTX 2060 (ID=0x1f15)
    Vendor:   
    VRAM:     5980 MB
    Driver:   30.0.15.1179
Initialize mono
Mono path[0] = 'C:/Users/Antonio O. Berrios/Documents/Unity Versions Holder/2020.3.37f1/Editor/Data/Managed'
Mono path[1] = 'C:/Users/Antonio O. Berrios/Documents/Unity Versions Holder/2020.3.37f1/Editor/Data/MonoBleedingEdge/lib/mono/unityjit'
Mono config path = 'C:/Users/Antonio O. Berrios/Documents/Unity Versions Holder/2020.3.37f1/Editor/Data/MonoBleedingEdge/etc'
Using monoOptions --debugger-agent=transport=dt_socket,embedding=1,server=y,suspend=n,address=127.0.0.1:56696
Begin MonoManager ReloadAssembly
Registering precompiled unity dll's ...
Register platform support module: C:/Users/Antonio O. Berrios/Documents/Unity Versions Holder/2020.3.37f1/Editor/Data/PlaybackEngines/WindowsStandaloneSupport/UnityEditor.WindowsStandalone.Extensions.dll
Registered in 0.001994 seconds.
Native extension for WindowsStandalone target not found
Refreshing native plugins compatible for Editor in 55.32 ms, found 2 plugins.
Preloading 0 native plugins for Editor in 0.00 ms.
Mono: successfully reloaded assembly
- Completed reload, in  0.548 seconds
Domain Reload Profiling:
	ReloadAssembly (548ms)
		BeginReloadAssembly (64ms)
			ExecutionOrderSort (0ms)
			DisableScriptedObjects (0ms)
			BackupInstance (0ms)
			ReleaseScriptingObjects (0ms)
			CreateAndSetChildDomain (1ms)
		EndReloadAssembly (419ms)
			LoadAssemblies (61ms)
			RebuildTransferFunctionScriptingTraits (0ms)
			SetupTypeCache (137ms)
			ReleaseScriptCaches (0ms)
			RebuildScriptCaches (26ms)
			SetupLoadedEditorAssemblies (166ms)
				LogAssemblyErrors (0ms)
				InitializePlatformSupportModulesInManaged (4ms)
				SetLoadedEditorAssemblies (0ms)
				RefreshPlugins (55ms)
				BeforeProcessingInitializeOnLoad (15ms)
				ProcessInitializeOnLoadAttributes (69ms)
				ProcessInitializeOnLoadMethodAttributes (23ms)
				AfterProcessingInitializeOnLoad (0ms)
				EditorAssembliesLoaded (0ms)
			ExecutionOrderSort2 (0ms)
			AwakeInstancesAfterBackupRestoration (0ms)
Platform modules already initialized, skipping
Registering precompiled user dll's ...
Registered in 0.002866 seconds.
Begin MonoManager ReloadAssembly
Symbol file data-000001D4F631CE60 doesn't match image C:\Users\Antonio O. Berrios\Documents\GitHub\gjParranda\GJParranda\Library\ScriptAssemblies\Assembly-CSharp-firstpass.dll
Symbol file LoadedFromMemory is not a mono symbol file
Symbol file data-000001D4F631CE60 doesn't match image C:\Users\Antonio O. Berrios\Documents\GitHub\gjParranda\GJParranda\Library\ScriptAssemblies\Assembly-CSharp-Editor-firstpass.dll
Symbol file LoadedFromMemory is not a mono symbol file
Symbol file data-000001D4F5C869E0 doesn't match image C:\Users\Antonio O. Berrios\Documents\GitHub\gjParranda\GJParranda\Library\ScriptAssemblies\GameCreator.Update.dll
Symbol file LoadedFromMemory is not a mono symbol file
Symbol file data-000001D4F6A260E0 doesn't match image C:\Users\Antonio O. Berrios\Documents\GitHub\gjParranda\GJParranda\Library\ScriptAssemblies\Unity.Services.Core.Editor.dll
Symbol file LoadedFromMemory is not a mono symbol file
Symbol file data-000001D4F6121010 doesn't match image C:\Users\Antonio O. Berrios\Documents\GitHub\gjParranda\GJParranda\Library\ScriptAssemblies\Cinemachine.dll
Symbol file LoadedFromMemory is not a mono symbol file
Symbol file data-000001D4F6352A70 doesn't match image C:\Users\Antonio O. Berrios\Documents\GitHub\gjParranda\GJParranda\Library\ScriptAssemblies\Unity.VSCode.Editor.dll
Symbol file LoadedFromMemory is not a mono symbol file
Symbol file data-000001D4F614C630 doesn't match image C:\Users\Antonio O. Berrios\Documents\GitHub\gjParranda\GJParranda\Library\ScriptAssemblies\com.unity.cinemachine.editor.dll
Symbol file LoadedFromMemory is not a mono symbol file
Symbol file data-000001D4F614C630 doesn't match image C:\Users\Antonio O. Berrios\Documents\GitHub\gjParranda\GJParranda\Library\ScriptAssemblies\Unity.TextMeshPro.Editor.dll
Symbol file LoadedFromMemory is not a mono symbol file
Symbol file data-000001D4F6A260E0 doesn't match image C:\Users\Antonio O. Berrios\Documents\GitHub\gjParranda\GJParranda\Library\ScriptAssemblies\Unity.VisualStudio.Editor.dll
Symbol file LoadedFromMemory is not a mono symbol file
Symbol file data-000001D4F6352A70 doesn't match image C:\Users\Antonio O. Berrios\Documents\GitHub\gjParranda\GJParranda\Library\ScriptAssemblies\Unity.Settings.Editor.dll
Symbol file LoadedFromMemory is not a mono symbol file
Symbol file data-000001D4F614C630 doesn't match image C:\Users\Antonio O. Berrios\Documents\GitHub\gjParranda\GJParranda\Library\ScriptAssemblies\UnityEngine.TestRunner.dll
Symbol file LoadedFromMemory is not a mono symbol file
Symbol file data-000001D4F5E10020 doesn't match image C:\Users\Antonio O. Berrios\Documents\GitHub\gjParranda\GJParranda\Library\ScriptAssemblies\Unity.Timeline.Editor.dll
Symbol file LoadedFromMemory is not a mono symbol file
Symbol file data-000001D4F614C630 doesn't match image C:\Users\Antonio O. Berrios\Documents\GitHub\gjParranda\GJParranda\Library\ScriptAssemblies\Unity.Timeline.dll
Symbol file LoadedFromMemory is not a mono symbol file
Symbol file data-000001D4F1EDF2F0 doesn't match image C:\Users\Antonio O. Berrios\Documents\GitHub\gjParranda\GJParranda\Library\ScriptAssemblies\Unity.TextMeshPro.dll
Symbol file LoadedFromMemory is not a mono symbol file
Symbol file data-000001D4F5AEAC30 doesn't match image C:\Users\Antonio O. Berrios\Documents\GitHub\gjParranda\GJParranda\Library\ScriptAssemblies\Unity.CollabProxy.Editor.dll
Symbol file LoadedFromMemory is not a mono symbol file
Symbol file data-000001D4F60A8220 doesn't match image C:\Users\Antonio O. Berrios\Documents\GitHub\gjParranda\GJParranda\Library\ScriptAssemblies\UnityEditor.TestRunner.dll
Symbol file LoadedFromMemory is not a mono symbol file
Symbol file data-000001D4F6A260E0 doesn't match image C:\Users\Antonio O. Berrios\Documents\GitHub\gjParranda\GJParranda\Library\ScriptAssemblies\UnityEditor.UI.dll
Symbol file LoadedFromMemory is not a mono symbol file
Symbol file data-000001D4F6368020 doesn't match image C:\Users\Antonio O. Berrios\Documents\GitHub\gjParranda\GJParranda\Library\ScriptAssemblies\Unity.PlasticSCM.Editor.dll
Symbol file LoadedFromMemory is not a mono symbol file
Symbol file data-000001D4F6A260E0 doesn't match image C:\Users\Antonio O. Berrios\Documents\GitHub\gjParranda\GJParranda\Library\ScriptAssemblies\Unity.Rider.Editor.dll
Symbol file LoadedFromMemory is not a mono symbol file
Symbol file data-000001D4F6A260E0 doesn't match image C:\Users\Antonio O. Berrios\Documents\GitHub\gjParranda\GJParranda\Library\ScriptAssemblies\Unity.ProGrids.Editor.dll
Symbol file LoadedFromMemory is not a mono symbol file
Symbol file data-000001D4F1F07900 doesn't match image C:\Users\Antonio O. Berrios\Documents\GitHub\gjParranda\GJParranda\Library\ScriptAssemblies\UnityEngine.UI.dll
Symbol file LoadedFromMemory is not a mono symbol file
Symbol file data-000001D4F56C7570 doesn't match image C:\Users\Antonio O. Berrios\Documents\GitHub\gjParranda\GJParranda\Library\ScriptAssemblies\Unity.ProGrids.dll
Symbol file LoadedFromMemory is not a mono symbol file
Native extension for WindowsStandalone target not found
Refreshing native plugins compatible for Editor in 0.44 ms, found 2 plugins.
Preloading 0 native plugins for Editor in 0.00 ms.
Mono: successfully reloaded assembly
- Completed reload, in  0.991 seconds
Domain Reload Profiling:
	ReloadAssembly (992ms)
		BeginReloadAssembly (143ms)
			ExecutionOrderSort (0ms)
			DisableScriptedObjects (4ms)
			BackupInstance (0ms)
			ReleaseScriptingObjects (0ms)
			CreateAndSetChildDomain (17ms)
		EndReloadAssembly (795ms)
			LoadAssemblies (90ms)
			RebuildTransferFunctionScriptingTraits (0ms)
			SetupTypeCache (268ms)
			ReleaseScriptCaches (0ms)
			RebuildScriptCaches (57ms)
			SetupLoadedEditorAssemblies (313ms)
				LogAssemblyErrors (0ms)
				InitializePlatformSupportModulesInManaged (4ms)
				SetLoadedEditorAssemblies (0ms)
				RefreshPlugins (0ms)
				BeforeProcessingInitializeOnLoad (78ms)
				ProcessInitializeOnLoadAttributes (203ms)
				ProcessInitializeOnLoadMethodAttributes (20ms)
				AfterProcessingInitializeOnLoad (6ms)
				EditorAssembliesLoaded (0ms)
			ExecutionOrderSort2 (0ms)
			AwakeInstancesAfterBackupRestoration (2ms)
Platform modules already initialized, skipping
========================================================================
Worker process is ready to serve import requests
Launched and connected shader compiler UnityShaderCompiler.exe after 0.03 seconds
Refreshing native plugins compatible for Editor in 0.47 ms, found 2 plugins.
Preloading 0 native plugins for Editor in 0.00 ms.
Unloading 2345 Unused Serialized files (Serialized files now loaded: 0)
System memory in use before: 94.9 MB.
System memory in use after: 95.1 MB.

Unloading 19 unused Assets to reduce memory usage. Loaded Objects now: 2787.
Total: 2.787600 ms (FindLiveObjects: 0.226000 ms CreateObjectMapping: 0.126500 ms MarkObjects: 2.363400 ms  DeleteObjects: 0.071000 ms)

AssetImportParameters requested are different than current active one (requested -> active):
  custom:framework-win-MediaFoundation: 216162199b28c13a410421893ffa2e32 -> 
  custom:video-decoder-ogg-theora: a1e56fd34408186e4bbccfd4996cb3dc -> 
  custom:container-muxer-webm: aa71ff27fc2769a1b78a27578f13a17b -> 
  custom:container-demuxer-webm: 4f35f7cbe854078d1ac9338744f61a02 -> 
  custom:container-demuxer-ogg: 62fdf1f143b41e24485cea50d1cbac27 -> 
  custom:video-encoder-webm-vp8: eb34c28f22e8b96e1ab97ce403110664 -> 
  custom:video-decoder-webm-vp8: 9c59270c3fd7afecdb556c50c9e8de78 -> 
  custom:audio-decoder-ogg-vorbis: bf7c407c2cedff20999df2af8eb42d56 -> 
  custom:audio-encoder-webm-vorbis: bf7c407c2cedff20999df2af8eb42d56 -> 
========================================================================
Received Import Request.
  path: Assets/Plugins/GameCreator/Quests/Assets/Fonts/Skranji-Regular.ttf
  artifactKey: Guid(855cd1b9aaafe4682b3f3097e0aa3151) Importer(815301076,1909f56bfc062723c751e8b465ee728b)
Start importing Assets/Plugins/GameCreator/Quests/Assets/Fonts/Skranji-Regular.ttf using Guid(855cd1b9aaafe4682b3f3097e0aa3151) Importer(815301076,1909f56bfc062723c751e8b465ee728b)  -> (artifact id: '95faa1446fd3bf70e58aedc7e527e2c3') in 0.116489 seconds 
========================================================================
Received Import Request.
  Time since last request: 0.000204 seconds.
  path: Assets/Plugins/GameCreator/Quests/Assets/Fonts/Skranji-Bold.ttf
  artifactKey: Guid(3691fc8638c724651bdb3a8be863f495) Importer(815301076,1909f56bfc062723c751e8b465ee728b)
Start importing Assets/Plugins/GameCreator/Quests/Assets/Fonts/Skranji-Bold.ttf using Guid(3691fc8638c724651bdb3a8be863f495) Importer(815301076,1909f56bfc062723c751e8b465ee728b)  -> (artifact id: '3d8f2c129658ff38ac81da8a2a8e3687') in 0.020248 seconds 
========================================================================
Received Prepare
Refreshing native plugins compatible for Editor in 2.50 ms, found 2 plugins.
Preloading 0 native plugins for Editor in 0.00 ms.
Unloading 11 Unused Serialized files (Serialized files now loaded: 0)
System memory in use before: 51.3 MB.
System memory in use after: 51.5 MB.

Unloading 10 unused Assets to reduce memory usage. Loaded Objects now: 2832.
Total: 3.067200 ms (FindLiveObjects: 0.179900 ms CreateObjectMapping: 0.099000 ms MarkObjects: 2.738600 ms  DeleteObjects: 0.049100 ms)

AssetImportParameters requested are different than current active one (requested -> active):
  custom:framework-win-MediaFoundation: 216162199b28c13a410421893ffa2e32 -> 
  custom:video-decoder-ogg-theora: a1e56fd34408186e4bbccfd4996cb3dc -> 
  custom:container-muxer-webm: aa71ff27fc2769a1b78a27578f13a17b -> 
  custom:container-demuxer-webm: 4f35f7cbe854078d1ac9338744f61a02 -> 
  custom:container-demuxer-ogg: 62fdf1f143b41e24485cea50d1cbac27 -> 
  custom:video-encoder-webm-vp8: eb34c28f22e8b96e1ab97ce403110664 -> 
  custom:video-decoder-webm-vp8: 9c59270c3fd7afecdb556c50c9e8de78 -> 
  custom:audio-decoder-ogg-vorbis: bf7c407c2cedff20999df2af8eb42d56 -> 
  custom:audio-encoder-webm-vorbis: bf7c407c2cedff20999df2af8eb42d56 -> 
========================================================================
Received Import Request.
  Time since last request: 320.894971 seconds.
  path: Assets/script/BasicFunctions.cs
  artifactKey: Guid(cda233e3ec940764c861fdc06d513668) Importer(815301076,1909f56bfc062723c751e8b465ee728b)
Start importing Assets/script/BasicFunctions.cs using Guid(cda233e3ec940764c861fdc06d513668) Importer(815301076,1909f56bfc062723c751e8b465ee728b)  -> (artifact id: 'fcbf67164ae24696299b898bb2e4e4ee') in 0.007161 seconds 
========================================================================
Received Prepare
Registering precompiled user dll's ...
Registered in 0.002829 seconds.
Begin MonoManager ReloadAssembly
Symbol file data-000001D4F17CCAC0 doesn't match image C:\Users\Antonio O. Berrios\Documents\GitHub\gjParranda\GJParranda\Library\ScriptAssemblies\Assembly-CSharp-firstpass.dll
Symbol file LoadedFromMemory is not a mono symbol file
Symbol file data-000001D4F1F4B010 doesn't match image C:\Users\Antonio O. Berrios\Documents\GitHub\gjParranda\GJParranda\Library\ScriptAssemblies\Assembly-CSharp-Editor-firstpass.dll
Symbol file LoadedFromMemory is not a mono symbol file
Symbol file data-000001D4F149DB10 doesn't match image C:\Users\Antonio O. Berrios\Documents\GitHub\gjParranda\GJParranda\Library\ScriptAssemblies\GameCreator.Update.dll
Symbol file LoadedFromMemory is not a mono symbol file
Symbol file data-000001D4F5C9A020 doesn't match image C:\Users\Antonio O. Berrios\Documents\GitHub\gjParranda\GJParranda\Library\ScriptAssemblies\Unity.Services.Core.Editor.dll
Symbol file LoadedFromMemory is not a mono symbol file
Symbol file data-000001D4F1F4B010 doesn't match image C:\Users\Antonio O. Berrios\Documents\GitHub\gjParranda\GJParranda\Library\ScriptAssemblies\Cinemachine.dll
Symbol file LoadedFromMemory is not a mono symbol file
Symbol file data-000001D4F61338A0 doesn't match image C:\Users\Antonio O. Berrios\Documents\GitHub\gjParranda\GJParranda\Library\ScriptAssemblies\Unity.VSCode.Editor.dll
Symbol file LoadedFromMemory is not a mono symbol file
Symbol file data-000001D4F73F8020 doesn't match image C:\Users\Antonio O. Berrios\Documents\GitHub\gjParranda\GJParranda\Library\ScriptAssemblies\com.unity.cinemachine.editor.dll
Symbol file LoadedFromMemory is not a mono symbol file
Symbol file data-000001D4F73F8020 doesn't match image C:\Users\Antonio O. Berrios\Documents\GitHub\gjParranda\GJParranda\Library\ScriptAssemblies\Unity.TextMeshPro.Editor.dll
Symbol file LoadedFromMemory is not a mono symbol file
Symbol file data-000001D4F629D010 doesn't match image C:\Users\Antonio O. Berrios\Documents\GitHub\gjParranda\GJParranda\Library\ScriptAssemblies\Unity.VisualStudio.Editor.dll
Symbol file LoadedFromMemory is not a mono symbol file
Symbol file data-000001D4F5C849D0 doesn't match image C:\Users\Antonio O. Berrios\Documents\GitHub\gjParranda\GJParranda\Library\ScriptAssemblies\Unity.Settings.Editor.dll
Symbol file LoadedFromMemory is not a mono symbol file
Symbol file data-000001D4F205F1B0 doesn't match image C:\Users\Antonio O. Berrios\Documents\GitHub\gjParranda\GJParranda\Library\ScriptAssemblies\UnityEngine.TestRunner.dll
Symbol file LoadedFromMemory is not a mono symbol file
Symbol file data-000001D4F1998F20 doesn't match image C:\Users\Antonio O. Berrios\Documents\GitHub\gjParranda\GJParranda\Library\ScriptAssemblies\Unity.Timeline.Editor.dll
Symbol file LoadedFromMemory is not a mono symbol file
Symbol file data-000001D4F205F1B0 doesn't match image C:\Users\Antonio O. Berrios\Documents\GitHub\gjParranda\GJParranda\Library\ScriptAssemblies\Unity.Timeline.dll
Symbol file LoadedFromMemory is not a mono symbol file
Symbol file data-000001D4F1FBBA30 doesn't match image C:\Users\Antonio O. Berrios\Documents\GitHub\gjParranda\GJParranda\Library\ScriptAssemblies\Unity.TextMeshPro.dll
Symbol file LoadedFromMemory is not a mono symbol file
Symbol file data-000001D4F205F1B0 doesn't match image C:\Users\Antonio O. Berrios\Documents\GitHub\gjParranda\GJParranda\Library\ScriptAssemblies\Unity.CollabProxy.Editor.dll
Symbol file LoadedFromMemory is not a mono symbol file
Symbol file data-000001D4F9E09020 doesn't match image C:\Users\Antonio O. Berrios\Documents\GitHub\gjParranda\GJParranda\Library\ScriptAssemblies\UnityEditor.TestRunner.dll
Symbol file LoadedFromMemory is not a mono symbol file
Symbol file data-000001D4F629D010 doesn't match image C:\Users\Antonio O. Berrios\Documents\GitHub\gjParranda\GJParranda\Library\ScriptAssemblies\UnityEditor.UI.dll
Symbol file LoadedFromMemory is not a mono symbol file
Symbol file data-000001D4F1CFA010 doesn't match image C:\Users\Antonio O. Berrios\Documents\GitHub\gjParranda\GJParranda\Library\ScriptAssemblies\Unity.PlasticSCM.Editor.dll
Symbol file LoadedFromMemory is not a mono symbol file
Symbol file data-000001D4F5C9A020 doesn't match image C:\Users\Antonio O. Berrios\Documents\GitHub\gjParranda\GJParranda\Library\ScriptAssemblies\Unity.Rider.Editor.dll
Symbol file LoadedFromMemory is not a mono symbol file
Symbol file data-000001D4F1CB2A70 doesn't match image C:\Users\Antonio O. Berrios\Documents\GitHub\gjParranda\GJParranda\Library\ScriptAssemblies\Unity.ProGrids.Editor.dll
Symbol file LoadedFromMemory is not a mono symbol file
Symbol file data-000001D4F1998F20 doesn't match image C:\Users\Antonio O. Berrios\Documents\GitHub\gjParranda\GJParranda\Library\ScriptAssemblies\UnityEngine.UI.dll
Symbol file LoadedFromMemory is not a mono symbol file
Symbol file data-000001D4F1B38C10 doesn't match image C:\Users\Antonio O. Berrios\Documents\GitHub\gjParranda\GJParranda\Library\ScriptAssemblies\Unity.ProGrids.dll
Symbol file LoadedFromMemory is not a mono symbol file
Native extension for WindowsStandalone target not found
Refreshing native plugins compatible for Editor in 0.49 ms, found 2 plugins.
Preloading 0 native plugins for Editor in 0.00 ms.
Mono: successfully reloaded assembly
- Completed reload, in  0.936 seconds
Domain Reload Profiling:
	ReloadAssembly (936ms)
		BeginReloadAssembly (109ms)
			ExecutionOrderSort (0ms)
			DisableScriptedObjects (3ms)
			BackupInstance (0ms)
			ReleaseScriptingObjects (0ms)
			CreateAndSetChildDomain (30ms)
		EndReloadAssembly (773ms)
			LoadAssemblies (89ms)
			RebuildTransferFunctionScriptingTraits (0ms)
			SetupTypeCache (268ms)
			ReleaseScriptCaches (1ms)
			RebuildScriptCaches (41ms)
			SetupLoadedEditorAssemblies (297ms)
				LogAssemblyErrors (0ms)
				InitializePlatformSupportModulesInManaged (7ms)
				SetLoadedEditorAssemblies (1ms)
				RefreshPlugins (1ms)
				BeforeProcessingInitializeOnLoad (79ms)
				ProcessInitializeOnLoadAttributes (187ms)
				ProcessInitializeOnLoadMethodAttributes (17ms)
				AfterProcessingInitializeOnLoad (7ms)
				EditorAssembliesLoaded (0ms)
			ExecutionOrderSort2 (0ms)
			AwakeInstancesAfterBackupRestoration (2ms)
Platform modules already initialized, skipping
Refreshing native plugins compatible for Editor in 0.50 ms, found 2 plugins.
Preloading 0 native plugins for Editor in 0.00 ms.
Unloading 2336 Unused Serialized files (Serialized files now loaded: 0)
System memory in use before: 97.7 MB.
System memory in use after: 97.9 MB.

Unloading 14 unused Assets to reduce memory usage. Loaded Objects now: 2836.
Total: 2.446300 ms (FindLiveObjects: 0.181400 ms CreateObjectMapping: 0.108700 ms MarkObjects: 2.108700 ms  DeleteObjects: 0.046700 ms)

AssetImportParameters requested are different than current active one (requested -> active):
  custom:framework-win-MediaFoundation: 216162199b28c13a410421893ffa2e32 -> 
  custom:video-decoder-ogg-theora: a1e56fd34408186e4bbccfd4996cb3dc -> 
  custom:container-muxer-webm: aa71ff27fc2769a1b78a27578f13a17b -> 
  custom:container-demuxer-webm: 4f35f7cbe854078d1ac9338744f61a02 -> 
  custom:container-demuxer-ogg: 62fdf1f143b41e24485cea50d1cbac27 -> 
  custom:video-encoder-webm-vp8: eb34c28f22e8b96e1ab97ce403110664 -> 
  custom:video-decoder-webm-vp8: 9c59270c3fd7afecdb556c50c9e8de78 -> 
  custom:audio-decoder-ogg-vorbis: bf7c407c2cedff20999df2af8eb42d56 -> 
  custom:audio-encoder-webm-vorbis: bf7c407c2cedff20999df2af8eb42d56 -> 
========================================================================
Received Import Request.
  Time since last request: 200.405050 seconds.
  path: Assets/Scenes/felixplayground.unity
  artifactKey: Guid(7f58feb5ebd51e346809da72658f4118) Importer(815301076,1909f56bfc062723c751e8b465ee728b)
Start importing Assets/Scenes/felixplayground.unity using Guid(7f58feb5ebd51e346809da72658f4118) Importer(815301076,1909f56bfc062723c751e8b465ee728b)  -> (artifact id: '0532ed38c895efa8695fca7c255316a6') in 0.013298 seconds 
========================================================================
Received Import Request.
  Time since last request: 1.933713 seconds.
  path: Assets/Scenes/SampleScene.unity
  artifactKey: Guid(9fc0d4010bbf28b4594072e72b8655ab) Importer(815301076,1909f56bfc062723c751e8b465ee728b)
Start importing Assets/Scenes/SampleScene.unity using Guid(9fc0d4010bbf28b4594072e72b8655ab) Importer(815301076,1909f56bfc062723c751e8b465ee728b)  -> (artifact id: '27e634528265922e6b6118fc12ae696e') in 0.005990 seconds 
========================================================================
Received Prepare
Registering precompiled user dll's ...
Registered in 0.002492 seconds.
Begin MonoManager ReloadAssembly
Symbol file data-000001D4F17CCAC0 doesn't match image C:\Users\Antonio O. Berrios\Documents\GitHub\gjParranda\GJParranda\Library\ScriptAssemblies\Assembly-CSharp-firstpass.dll
Symbol file LoadedFromMemory is not a mono symbol file
Symbol file data-000001D4F5FE8020 doesn't match image C:\Users\Antonio O. Berrios\Documents\GitHub\gjParranda\GJParranda\Library\ScriptAssemblies\Assembly-CSharp-Editor-firstpass.dll
Symbol file LoadedFromMemory is not a mono symbol file
Symbol file data-000001D51C7A9400 doesn't match image C:\Users\Antonio O. Berrios\Documents\GitHub\gjParranda\GJParranda\Library\ScriptAssemblies\GameCreator.Update.dll
Symbol file LoadedFromMemory is not a mono symbol file
Symbol file data-000001D4FA0CC010 doesn't match image C:\Users\Antonio O. Berrios\Documents\GitHub\gjParranda\GJParranda\Library\ScriptAssemblies\Unity.Services.Core.Editor.dll
Symbol file LoadedFromMemory is not a mono symbol file
Symbol file data-000001D51C78B070 doesn't match image C:\Users\Antonio O. Berrios\Documents\GitHub\gjParranda\GJParranda\Library\ScriptAssemblies\Cinemachine.dll
Symbol file LoadedFromMemory is not a mono symbol file
Symbol file data-000001D4F1BDF320 doesn't match image C:\Users\Antonio O. Berrios\Documents\GitHub\gjParranda\GJParranda\Library\ScriptAssemblies\Unity.VSCode.Editor.dll
Symbol file LoadedFromMemory is not a mono symbol file
Symbol file data-000001D4F73F8020 doesn't match image C:\Users\Antonio O. Berrios\Documents\GitHub\gjParranda\GJParranda\Library\ScriptAssemblies\com.unity.cinemachine.editor.dll
Symbol file LoadedFromMemory is not a mono symbol file
Symbol file data-000001D4FA4A8050 doesn't match image C:\Users\Antonio O. Berrios\Documents\GitHub\gjParranda\GJParranda\Library\ScriptAssemblies\Unity.TextMeshPro.Editor.dll
Symbol file LoadedFromMemory is not a mono symbol file
Symbol file data-000001D4F5EF4050 doesn't match image C:\Users\Antonio O. Berrios\Documents\GitHub\gjParranda\GJParranda\Library\ScriptAssemblies\Unity.VisualStudio.Editor.dll
Symbol file LoadedFromMemory is not a mono symbol file
Symbol file data-000001D4F6CFA0A0 doesn't match image C:\Users\Antonio O. Berrios\Documents\GitHub\gjParranda\GJParranda\Library\ScriptAssemblies\Unity.Settings.Editor.dll
Symbol file LoadedFromMemory is not a mono symbol file
Symbol file data-000001D51D9C4020 doesn't match image C:\Users\Antonio O. Berrios\Documents\GitHub\gjParranda\GJParranda\Library\ScriptAssemblies\UnityEngine.TestRunner.dll
Symbol file LoadedFromMemory is not a mono symbol file
Symbol file data-000001D4EC35AF00 doesn't match image C:\Users\Antonio O. Berrios\Documents\GitHub\gjParranda\GJParranda\Library\ScriptAssemblies\Unity.Timeline.Editor.dll
Symbol file LoadedFromMemory is not a mono symbol file
Symbol file data-000001D4F73F8020 doesn't match image C:\Users\Antonio O. Berrios\Documents\GitHub\gjParranda\GJParranda\Library\ScriptAssemblies\Unity.Timeline.dll
Symbol file LoadedFromMemory is not a mono symbol file
Symbol file data-000001D4F58F1020 doesn't match image C:\Users\Antonio O. Berrios\Documents\GitHub\gjParranda\GJParranda\Library\ScriptAssemblies\Unity.TextMeshPro.dll
Symbol file LoadedFromMemory is not a mono symbol file
Symbol file data-000001D4F73F8020 doesn't match image C:\Users\Antonio O. Berrios\Documents\GitHub\gjParranda\GJParranda\Library\ScriptAssemblies\Unity.CollabProxy.Editor.dll
Symbol file LoadedFromMemory is not a mono symbol file
Symbol file data-000001D4F5B89410 doesn't match image C:\Users\Antonio O. Berrios\Documents\GitHub\gjParranda\GJParranda\Library\ScriptAssemblies\UnityEditor.TestRunner.dll
Symbol file LoadedFromMemory is not a mono symbol file
Symbol file data-000001D4F5EF4050 doesn't match image C:\Users\Antonio O. Berrios\Documents\GitHub\gjParranda\GJParranda\Library\ScriptAssemblies\UnityEditor.UI.dll
Symbol file LoadedFromMemory is not a mono symbol file
Symbol file data-000001D4F1C333D0 doesn't match image C:\Users\Antonio O. Berrios\Documents\GitHub\gjParranda\GJParranda\Library\ScriptAssemblies\Unity.PlasticSCM.Editor.dll
Symbol file LoadedFromMemory is not a mono symbol file
Symbol file data-000001D4F6002A30 doesn't match image C:\Users\Antonio O. Berrios\Documents\GitHub\gjParranda\GJParranda\Library\ScriptAssemblies\Unity.Rider.Editor.dll
Symbol file LoadedFromMemory is not a mono symbol file
Symbol file data-000001D4F6002A30 doesn't match image C:\Users\Antonio O. Berrios\Documents\GitHub\gjParranda\GJParranda\Library\ScriptAssemblies\Unity.ProGrids.Editor.dll
Symbol file LoadedFromMemory is not a mono symbol file
Symbol file data-000001D4F9BD5A90 doesn't match image C:\Users\Antonio O. Berrios\Documents\GitHub\gjParranda\GJParranda\Library\ScriptAssemblies\UnityEngine.UI.dll
Symbol file LoadedFromMemory is not a mono symbol file
Symbol file data-000001D51D17EE40 doesn't match image C:\Users\Antonio O. Berrios\Documents\GitHub\gjParranda\GJParranda\Library\ScriptAssemblies\Unity.ProGrids.dll
Symbol file LoadedFromMemory is not a mono symbol file
Native extension for WindowsStandalone target not found
Refreshing native plugins compatible for Editor in 0.53 ms, found 2 plugins.
Preloading 0 native plugins for Editor in 0.00 ms.
Mono: successfully reloaded assembly
- Completed reload, in  0.999 seconds
Domain Reload Profiling:
	ReloadAssembly (999ms)
		BeginReloadAssembly (114ms)
			ExecutionOrderSort (0ms)
			DisableScriptedObjects (4ms)
			BackupInstance (0ms)
			ReleaseScriptingObjects (0ms)
			CreateAndSetChildDomain (30ms)
		EndReloadAssembly (830ms)
			LoadAssemblies (94ms)
			RebuildTransferFunctionScriptingTraits (0ms)
			SetupTypeCache (259ms)
			ReleaseScriptCaches (1ms)
			RebuildScriptCaches (129ms)
			SetupLoadedEditorAssemblies (269ms)
				LogAssemblyErrors (0ms)
				InitializePlatformSupportModulesInManaged (4ms)
				SetLoadedEditorAssemblies (0ms)
				RefreshPlugins (1ms)
				BeforeProcessingInitializeOnLoad (69ms)
				ProcessInitializeOnLoadAttributes (167ms)
				ProcessInitializeOnLoadMethodAttributes (21ms)
				AfterProcessingInitializeOnLoad (7ms)
				EditorAssembliesLoaded (0ms)
			ExecutionOrderSort2 (0ms)
			AwakeInstancesAfterBackupRestoration (2ms)
Platform modules already initialized, skipping
Refreshing native plugins compatible for Editor in 0.43 ms, found 2 plugins.
Preloading 0 native plugins for Editor in 0.00 ms.
Unloading 2336 Unused Serialized files (Serialized files now loaded: 0)
System memory in use before: 97.8 MB.
System memory in use after: 98.0 MB.

Unloading 14 unused Assets to reduce memory usage. Loaded Objects now: 2840.
Total: 2.373700 ms (FindLiveObjects: 0.161300 ms CreateObjectMapping: 0.089400 ms MarkObjects: 2.041800 ms  DeleteObjects: 0.080600 ms)

AssetImportParameters requested are different than current active one (requested -> active):
  custom:framework-win-MediaFoundation: 216162199b28c13a410421893ffa2e32 -> 
  custom:video-decoder-ogg-theora: a1e56fd34408186e4bbccfd4996cb3dc -> 
  custom:container-muxer-webm: aa71ff27fc2769a1b78a27578f13a17b -> 
  custom:container-demuxer-webm: 4f35f7cbe854078d1ac9338744f61a02 -> 
  custom:container-demuxer-ogg: 62fdf1f143b41e24485cea50d1cbac27 -> 
  custom:video-encoder-webm-vp8: eb34c28f22e8b96e1ab97ce403110664 -> 
  custom:video-decoder-webm-vp8: 9c59270c3fd7afecdb556c50c9e8de78 -> 
  custom:audio-decoder-ogg-vorbis: bf7c407c2cedff20999df2af8eb42d56 -> 
  custom:audio-encoder-webm-vorbis: bf7c407c2cedff20999df2af8eb42d56 -> 
========================================================================
Received Import Request.
  Time since last request: 447.278163 seconds.
  path: Assets/Scenes/MainMenu.unity
  artifactKey: Guid(fc61e78cc0d4b9e4fa65d86bc3179738) Importer(815301076,1909f56bfc062723c751e8b465ee728b)
Start importing Assets/Scenes/MainMenu.unity using Guid(fc61e78cc0d4b9e4fa65d86bc3179738) Importer(815301076,1909f56bfc062723c751e8b465ee728b)  -> (artifact id: '24c5045f1412b80f6c7ccecb3e1d6e2e') in 0.011254 seconds 
========================================================================
Received Prepare
Registering precompiled user dll's ...
Registered in 0.003586 seconds.
Begin MonoManager ReloadAssembly
Symbol file data-000001D4F1A2C030 doesn't match image C:\Users\Antonio O. Berrios\Documents\GitHub\gjParranda\GJParranda\Library\ScriptAssemblies\Assembly-CSharp-firstpass.dll
Symbol file LoadedFromMemory is not a mono symbol file
Symbol file data-000001D4F5FE8020 doesn't match image C:\Users\Antonio O. Berrios\Documents\GitHub\gjParranda\GJParranda\Library\ScriptAssemblies\Assembly-CSharp-Editor-firstpass.dll
Symbol file LoadedFromMemory is not a mono symbol file
Symbol file data-000001D51E5564F0 doesn't match image C:\Users\Antonio O. Berrios\Documents\GitHub\gjParranda\GJParranda\Library\ScriptAssemblies\GameCreator.Update.dll
Symbol file LoadedFromMemory is not a mono symbol file
Symbol file data-000001D4F94D4030 doesn't match image C:\Users\Antonio O. Berrios\Documents\GitHub\gjParranda\GJParranda\Library\ScriptAssemblies\Unity.Services.Core.Editor.dll
Symbol file LoadedFromMemory is not a mono symbol file
Symbol file data-000001D51C78B070 doesn't match image C:\Users\Antonio O. Berrios\Documents\GitHub\gjParranda\GJParranda\Library\ScriptAssemblies\Cinemachine.dll
Symbol file LoadedFromMemory is not a mono symbol file
Symbol file data-000001D51C8CB4D0 doesn't match image C:\Users\Antonio O. Berrios\Documents\GitHub\gjParranda\GJParranda\Library\ScriptAssemblies\Unity.VSCode.Editor.dll
Symbol file LoadedFromMemory is not a mono symbol file
Symbol file data-000001D4F73F8020 doesn't match image C:\Users\Antonio O. Berrios\Documents\GitHub\gjParranda\GJParranda\Library\ScriptAssemblies\com.unity.cinemachine.editor.dll
Symbol file LoadedFromMemory is not a mono symbol file
Symbol file data-000001D4F8F3E020 doesn't match image C:\Users\Antonio O. Berrios\Documents\GitHub\gjParranda\GJParranda\Library\ScriptAssemblies\Unity.TextMeshPro.Editor.dll
Symbol file LoadedFromMemory is not a mono symbol file
Symbol file data-000001D4FBB70020 doesn't match image C:\Users\Antonio O. Berrios\Documents\GitHub\gjParranda\GJParranda\Library\ScriptAssemblies\Unity.VisualStudio.Editor.dll
Symbol file LoadedFromMemory is not a mono symbol file
Symbol file data-000001D4F6CED030 doesn't match image C:\Users\Antonio O. Berrios\Documents\GitHub\gjParranda\GJParranda\Library\ScriptAssemblies\Unity.Settings.Editor.dll
Symbol file LoadedFromMemory is not a mono symbol file
Symbol file data-000001D4F73F8020 doesn't match image C:\Users\Antonio O. Berrios\Documents\GitHub\gjParranda\GJParranda\Library\ScriptAssemblies\UnityEngine.TestRunner.dll
Symbol file LoadedFromMemory is not a mono symbol file
Symbol file data-000001D4F8AC0020 doesn't match image C:\Users\Antonio O. Berrios\Documents\GitHub\gjParranda\GJParranda\Library\ScriptAssemblies\Unity.Timeline.Editor.dll
Symbol file LoadedFromMemory is not a mono symbol file
Symbol file data-000001D4F73F8020 doesn't match image C:\Users\Antonio O. Berrios\Documents\GitHub\gjParranda\GJParranda\Library\ScriptAssemblies\Unity.Timeline.dll
Symbol file LoadedFromMemory is not a mono symbol file
Symbol file data-000001D4F58F1020 doesn't match image C:\Users\Antonio O. Berrios\Documents\GitHub\gjParranda\GJParranda\Library\ScriptAssemblies\Unity.TextMeshPro.dll
Symbol file LoadedFromMemory is not a mono symbol file
Symbol file data-000001D4F73F8020 doesn't match image C:\Users\Antonio O. Berrios\Documents\GitHub\gjParranda\GJParranda\Library\ScriptAssemblies\Unity.CollabProxy.Editor.dll
Symbol file LoadedFromMemory is not a mono symbol file
Symbol file data-000001D4F8BD6020 doesn't match image C:\Users\Antonio O. Berrios\Documents\GitHub\gjParranda\GJParranda\Library\ScriptAssemblies\UnityEditor.TestRunner.dll
Symbol file LoadedFromMemory is not a mono symbol file
Symbol file data-000001D4FBB70020 doesn't match image C:\Users\Antonio O. Berrios\Documents\GitHub\gjParranda\GJParranda\Library\ScriptAssemblies\UnityEditor.UI.dll
Symbol file LoadedFromMemory is not a mono symbol file
Symbol file data-000001D4F1F71D80 doesn't match image C:\Users\Antonio O. Berrios\Documents\GitHub\gjParranda\GJParranda\Library\ScriptAssemblies\Unity.PlasticSCM.Editor.dll
Symbol file LoadedFromMemory is not a mono symbol file
Symbol file data-000001D4F94D4030 doesn't match image C:\Users\Antonio O. Berrios\Documents\GitHub\gjParranda\GJParranda\Library\ScriptAssemblies\Unity.Rider.Editor.dll
Symbol file LoadedFromMemory is not a mono symbol file
Symbol file data-000001D4F94D4030 doesn't match image C:\Users\Antonio O. Berrios\Documents\GitHub\gjParranda\GJParranda\Library\ScriptAssemblies\Unity.ProGrids.Editor.dll
Symbol file LoadedFromMemory is not a mono symbol file
Symbol file data-000001D4F9BD5A90 doesn't match image C:\Users\Antonio O. Berrios\Documents\GitHub\gjParranda\GJParranda\Library\ScriptAssemblies\UnityEngine.UI.dll
Symbol file LoadedFromMemory is not a mono symbol file
Symbol file data-000001D51D17BDB0 doesn't match image C:\Users\Antonio O. Berrios\Documents\GitHub\gjParranda\GJParranda\Library\ScriptAssemblies\Unity.ProGrids.dll
Symbol file LoadedFromMemory is not a mono symbol file
Native extension for WindowsStandalone target not found
Refreshing native plugins compatible for Editor in 0.43 ms, found 2 plugins.
Preloading 0 native plugins for Editor in 0.00 ms.
Mono: successfully reloaded assembly
- Completed reload, in  0.844 seconds
Domain Reload Profiling:
	ReloadAssembly (844ms)
		BeginReloadAssembly (102ms)
			ExecutionOrderSort (0ms)
			DisableScriptedObjects (4ms)
			BackupInstance (0ms)
			ReleaseScriptingObjects (0ms)
			CreateAndSetChildDomain (27ms)
		EndReloadAssembly (689ms)
			LoadAssemblies (85ms)
			RebuildTransferFunctionScriptingTraits (0ms)
			SetupTypeCache (236ms)
			ReleaseScriptCaches (1ms)
			RebuildScriptCaches (40ms)
			SetupLoadedEditorAssemblies (264ms)
				LogAssemblyErrors (0ms)
				InitializePlatformSupportModulesInManaged (4ms)
				SetLoadedEditorAssemblies (0ms)
				RefreshPlugins (0ms)
				BeforeProcessingInitializeOnLoad (65ms)
				ProcessInitializeOnLoadAttributes (172ms)
				ProcessInitializeOnLoadMethodAttributes (16ms)
				AfterProcessingInitializeOnLoad (6ms)
				EditorAssembliesLoaded (0ms)
			ExecutionOrderSort2 (0ms)
			AwakeInstancesAfterBackupRestoration (2ms)
Platform modules already initialized, skipping
Refreshing native plugins compatible for Editor in 0.43 ms, found 2 plugins.
Preloading 0 native plugins for Editor in 0.00 ms.
Unloading 2336 Unused Serialized files (Serialized files now loaded: 0)
System memory in use before: 97.8 MB.
System memory in use after: 98.0 MB.

Unloading 14 unused Assets to reduce memory usage. Loaded Objects now: 2844.
Total: 2.309700 ms (FindLiveObjects: 0.164200 ms CreateObjectMapping: 0.091700 ms MarkObjects: 2.010600 ms  DeleteObjects: 0.042500 ms)

AssetImportParameters requested are different than current active one (requested -> active):
  custom:framework-win-MediaFoundation: 216162199b28c13a410421893ffa2e32 -> 
  custom:video-decoder-ogg-theora: a1e56fd34408186e4bbccfd4996cb3dc -> 
  custom:container-muxer-webm: aa71ff27fc2769a1b78a27578f13a17b -> 
  custom:container-demuxer-webm: 4f35f7cbe854078d1ac9338744f61a02 -> 
  custom:container-demuxer-ogg: 62fdf1f143b41e24485cea50d1cbac27 -> 
  custom:video-encoder-webm-vp8: eb34c28f22e8b96e1ab97ce403110664 -> 
  custom:video-decoder-webm-vp8: 9c59270c3fd7afecdb556c50c9e8de78 -> 
  custom:audio-decoder-ogg-vorbis: bf7c407c2cedff20999df2af8eb42d56 -> 
  custom:audio-encoder-webm-vorbis: bf7c407c2cedff20999df2af8eb42d56 -> 
========================================================================
Received Prepare
Registering precompiled user dll's ...
Registered in 0.004227 seconds.
Begin MonoManager ReloadAssembly
Symbol file data-000001D4F5C465A0 doesn't match image C:\Users\Antonio O. Berrios\Documents\GitHub\gjParranda\GJParranda\Library\ScriptAssemblies\Assembly-CSharp-firstpass.dll
Symbol file LoadedFromMemory is not a mono symbol file
Symbol file data-000001D4F1EDF2F0 doesn't match image C:\Users\Antonio O. Berrios\Documents\GitHub\gjParranda\GJParranda\Library\ScriptAssemblies\Assembly-CSharp-Editor-firstpass.dll
Symbol file LoadedFromMemory is not a mono symbol file
Symbol file data-000001D4F62A1020 doesn't match image C:\Users\Antonio O. Berrios\Documents\GitHub\gjParranda\GJParranda\Library\ScriptAssemblies\GameCreator.Update.dll
Symbol file LoadedFromMemory is not a mono symbol file
Symbol file data-000001D4F18958F0 doesn't match image C:\Users\Antonio O. Berrios\Documents\GitHub\gjParranda\GJParranda\Library\ScriptAssemblies\Unity.Services.Core.Editor.dll
Symbol file LoadedFromMemory is not a mono symbol file
Symbol file data-000001D4F5E88020 doesn't match image C:\Users\Antonio O. Berrios\Documents\GitHub\gjParranda\GJParranda\Library\ScriptAssemblies\Cinemachine.dll
Symbol file LoadedFromMemory is not a mono symbol file
Symbol file data-000001D4F97ED9E0 doesn't match image C:\Users\Antonio O. Berrios\Documents\GitHub\gjParranda\GJParranda\Library\ScriptAssemblies\Unity.VSCode.Editor.dll
Symbol file LoadedFromMemory is not a mono symbol file
Symbol file data-000001D4F73F8020 doesn't match image C:\Users\Antonio O. Berrios\Documents\GitHub\gjParranda\GJParranda\Library\ScriptAssemblies\com.unity.cinemachine.editor.dll
Symbol file LoadedFromMemory is not a mono symbol file
Symbol file data-000001D4F9B5A090 doesn't match image C:\Users\Antonio O. Berrios\Documents\GitHub\gjParranda\GJParranda\Library\ScriptAssemblies\Unity.TextMeshPro.Editor.dll
Symbol file LoadedFromMemory is not a mono symbol file
Symbol file data-000001D51C794EA0 doesn't match image C:\Users\Antonio O. Berrios\Documents\GitHub\gjParranda\GJParranda\Library\ScriptAssemblies\Unity.VisualStudio.Editor.dll
Symbol file LoadedFromMemory is not a mono symbol file
Symbol file data-000001D4FBCBA4B0 doesn't match image C:\Users\Antonio O. Berrios\Documents\GitHub\gjParranda\GJParranda\Library\ScriptAssemblies\Unity.Settings.Editor.dll
Symbol file LoadedFromMemory is not a mono symbol file
Symbol file data-000001D4F73F8020 doesn't match image C:\Users\Antonio O. Berrios\Documents\GitHub\gjParranda\GJParranda\Library\ScriptAssemblies\UnityEngine.TestRunner.dll
Symbol file LoadedFromMemory is not a mono symbol file
Symbol file data-000001D51E7F4020 doesn't match image C:\Users\Antonio O. Berrios\Documents\GitHub\gjParranda\GJParranda\Library\ScriptAssemblies\Unity.Timeline.Editor.dll
Symbol file LoadedFromMemory is not a mono symbol file
Symbol file data-000001D4F73F8020 doesn't match image C:\Users\Antonio O. Berrios\Documents\GitHub\gjParranda\GJParranda\Library\ScriptAssemblies\Unity.Timeline.dll
Symbol file LoadedFromMemory is not a mono symbol file
Symbol file data-000001D4F58F1020 doesn't match image C:\Users\Antonio O. Berrios\Documents\GitHub\gjParranda\GJParranda\Library\ScriptAssemblies\Unity.TextMeshPro.dll
Symbol file LoadedFromMemory is not a mono symbol file
Symbol file data-000001D4F73F8020 doesn't match image C:\Users\Antonio O. Berrios\Documents\GitHub\gjParranda\GJParranda\Library\ScriptAssemblies\Unity.CollabProxy.Editor.dll
Symbol file LoadedFromMemory is not a mono symbol file
Symbol file data-000001D4F8BD6020 doesn't match image C:\Users\Antonio O. Berrios\Documents\GitHub\gjParranda\GJParranda\Library\ScriptAssemblies\UnityEditor.TestRunner.dll
Symbol file LoadedFromMemory is not a mono symbol file
Symbol file data-000001D4F73F8020 doesn't match image C:\Users\Antonio O. Berrios\Documents\GitHub\gjParranda\GJParranda\Library\ScriptAssemblies\UnityEditor.UI.dll
Symbol file LoadedFromMemory is not a mono symbol file
Symbol file data-000001D4F1F71D80 doesn't match image C:\Users\Antonio O. Berrios\Documents\GitHub\gjParranda\GJParranda\Library\ScriptAssemblies\Unity.PlasticSCM.Editor.dll
Symbol file LoadedFromMemory is not a mono symbol file
Symbol file data-000001D4F18958F0 doesn't match image C:\Users\Antonio O. Berrios\Documents\GitHub\gjParranda\GJParranda\Library\ScriptAssemblies\Unity.Rider.Editor.dll
Symbol file LoadedFromMemory is not a mono symbol file
Symbol file data-000001D4F18958F0 doesn't match image C:\Users\Antonio O. Berrios\Documents\GitHub\gjParranda\GJParranda\Library\ScriptAssemblies\Unity.ProGrids.Editor.dll
Symbol file LoadedFromMemory is not a mono symbol file
Symbol file data-000001D51D9A3FE0 doesn't match image C:\Users\Antonio O. Berrios\Documents\GitHub\gjParranda\GJParranda\Library\ScriptAssemblies\UnityEngine.UI.dll
Symbol file LoadedFromMemory is not a mono symbol file
Symbol file data-000001D51D172C00 doesn't match image C:\Users\Antonio O. Berrios\Documents\GitHub\gjParranda\GJParranda\Library\ScriptAssemblies\Unity.ProGrids.dll
Symbol file LoadedFromMemory is not a mono symbol file
Native extension for WindowsStandalone target not found
Refreshing native plugins compatible for Editor in 0.42 ms, found 2 plugins.
Preloading 0 native plugins for Editor in 0.00 ms.
Mono: successfully reloaded assembly
- Completed reload, in  0.809 seconds
Domain Reload Profiling:
	ReloadAssembly (809ms)
		BeginReloadAssembly (102ms)
			ExecutionOrderSort (0ms)
			DisableScriptedObjects (4ms)
			BackupInstance (0ms)
			ReleaseScriptingObjects (0ms)
			CreateAndSetChildDomain (26ms)
		EndReloadAssembly (655ms)
			LoadAssemblies (85ms)
			RebuildTransferFunctionScriptingTraits (0ms)
			SetupTypeCache (229ms)
			ReleaseScriptCaches (1ms)
			RebuildScriptCaches (36ms)
			SetupLoadedEditorAssemblies (246ms)
				LogAssemblyErrors (0ms)
				InitializePlatformSupportModulesInManaged (4ms)
				SetLoadedEditorAssemblies (0ms)
				RefreshPlugins (0ms)
				BeforeProcessingInitializeOnLoad (64ms)
				ProcessInitializeOnLoadAttributes (158ms)
				ProcessInitializeOnLoadMethodAttributes (14ms)
				AfterProcessingInitializeOnLoad (6ms)
				EditorAssembliesLoaded (0ms)
			ExecutionOrderSort2 (0ms)
			AwakeInstancesAfterBackupRestoration (1ms)
Platform modules already initialized, skipping
Refreshing native plugins compatible for Editor in 0.44 ms, found 2 plugins.
Preloading 0 native plugins for Editor in 0.00 ms.
Unloading 2336 Unused Serialized files (Serialized files now loaded: 0)
System memory in use before: 97.8 MB.
System memory in use after: 98.0 MB.

Unloading 14 unused Assets to reduce memory usage. Loaded Objects now: 2848.
Total: 2.515100 ms (FindLiveObjects: 0.149200 ms CreateObjectMapping: 0.077500 ms MarkObjects: 2.191800 ms  DeleteObjects: 0.095800 ms)

AssetImportParameters requested are different than current active one (requested -> active):
  custom:framework-win-MediaFoundation: 216162199b28c13a410421893ffa2e32 -> 
  custom:video-decoder-ogg-theora: a1e56fd34408186e4bbccfd4996cb3dc -> 
  custom:container-muxer-webm: aa71ff27fc2769a1b78a27578f13a17b -> 
  custom:container-demuxer-webm: 4f35f7cbe854078d1ac9338744f61a02 -> 
  custom:container-demuxer-ogg: 62fdf1f143b41e24485cea50d1cbac27 -> 
  custom:video-encoder-webm-vp8: eb34c28f22e8b96e1ab97ce403110664 -> 
  custom:video-decoder-webm-vp8: 9c59270c3fd7afecdb556c50c9e8de78 -> 
  custom:audio-decoder-ogg-vorbis: bf7c407c2cedff20999df2af8eb42d56 -> 
  custom:audio-encoder-webm-vorbis: bf7c407c2cedff20999df2af8eb42d56 -> 
AssetImportWorkerClient::OnTransportError - code=2 error=End of file
